{"/home/luc/Bureau/lastPort/portfolioTs/testPortfolio10_9 (copie)/front/jest/localstorage.js": {"path":"/home/luc/Bureau/lastPort/portfolioTs/testPortfolio10_9 (copie)/front/jest/localstorage.js","statementMap":{"0":{"start":{"line":1,"column":0},"end":{"line":1,"column":13}},"1":{"start":{"line":2,"column":2},"end":{"line":2,"column":14}},"2":{"start":{"line":3,"column":4},"end":{"line":6,"column":7}},"3":{"start":{"line":5,"column":30},"end":{"line":5,"column":75}},"4":{"start":{"line":7,"column":4},"end":{"line":13,"column":7}},"5":{"start":{"line":11,"column":8},"end":{"line":11,"column":29}},"6":{"start":{"line":14,"column":4},"end":{"line":19,"column":7}},"7":{"start":{"line":17,"column":8},"end":{"line":17,"column":25}},"8":{"start":{"line":20,"column":4},"end":{"line":25,"column":7}},"9":{"start":{"line":23,"column":8},"end":{"line":23,"column":57}},"10":{"start":{"line":23,"column":39},"end":{"line":23,"column":56}},"11":{"start":{"line":26,"column":4},"end":{"line":31,"column":7}},"12":{"start":{"line":29,"column":8},"end":{"line":29,"column":34}},"13":{"start":{"line":32,"column":4},"end":{"line":35,"column":7}},"14":{"start":{"line":34,"column":30},"end":{"line":34,"column":61}},"15":{"start":{"line":38,"column":4},"end":{"line":38,"column":54}},"16":{"start":{"line":42,"column":4},"end":{"line":42,"column":27}},"17":{"start":{"line":46,"column":4},"end":{"line":46,"column":21}},"18":{"start":{"line":49,"column":2},"end":{"line":49,"column":null}},"19":{"start":{"line":50,"column":4},"end":{"line":50,"column":57}},"20":{"start":{"line":50,"column":39},"end":{"line":50,"column":56}},"21":{"start":{"line":54,"column":4},"end":{"line":54,"column":44}},"22":{"start":{"line":57,"column":2},"end":{"line":59,"column":null}},"23":{"start":{"line":58,"column":4},"end":{"line":58,"column":36}},"24":{"start":{"line":62,"column":2},"end":{"line":64,"column":null}},"25":{"start":{"line":63,"column":4},"end":{"line":63,"column":16}},"26":{"start":{"line":65,"column":0},"end":{"line":65,"column":null}},"27":{"start":{"line":1,"column":13},"end":{"line":1,"column":25}}},"fnMap":{"0":{"name":"(anonymous_0)","decl":{"start":{"line":1,"column":0},"end":{"line":1,"column":13}},"loc":{"start":{"line":1,"column":0},"end":{"line":65,"column":null}}},"1":{"name":"LocalStorage","decl":{"start":{"line":2,"column":2},"end":{"line":2,"column":14}},"loc":{"start":{"line":2,"column":18},"end":{"line":36,"column":3}}},"2":{"name":"(anonymous_2)","decl":{"start":{"line":5,"column":21},"end":{"line":5,"column":22}},"loc":{"start":{"line":5,"column":25},"end":{"line":5,"column":31}}},"3":{"name":"(anonymous_3)","decl":{"start":{"line":10,"column":21},"end":{"line":10,"column":22}},"loc":{"start":{"line":10,"column":30},"end":{"line":12,"column":7}}},"4":{"name":"(anonymous_4)","decl":{"start":{"line":16,"column":21},"end":{"line":16,"column":22}},"loc":{"start":{"line":16,"column":25},"end":{"line":18,"column":7}}},"5":{"name":"(anonymous_5)","decl":{"start":{"line":22,"column":21},"end":{"line":22,"column":null}},"loc":{"start":{"line":22,"column":21},"end":{"line":24,"column":7}}},"6":{"name":"(anonymous_6)","decl":{"start":{"line":23,"column":30},"end":{"line":23,"column":31}},"loc":{"start":{"line":23,"column":34},"end":{"line":23,"column":46}}},"7":{"name":"(anonymous_7)","decl":{"start":{"line":28,"column":21},"end":{"line":28,"column":null}},"loc":{"start":{"line":28,"column":21},"end":{"line":30,"column":7}}},"8":{"name":"(anonymous_8)","decl":{"start":{"line":34,"column":21},"end":{"line":34,"column":22}},"loc":{"start":{"line":34,"column":25},"end":{"line":34,"column":36}}},"9":{"name":"(anonymous_9)","decl":{"start":{"line":37,"column":2},"end":{"line":37,"column":10}},"loc":{"start":{"line":37,"column":13},"end":{"line":39,"column":3}}},"10":{"name":"(anonymous_10)","decl":{"start":{"line":41,"column":2},"end":{"line":41,"column":10}},"loc":{"start":{"line":41,"column":20},"end":{"line":43,"column":3}}},"11":{"name":"(anonymous_11)","decl":{"start":{"line":45,"column":2},"end":{"line":45,"column":13}},"loc":{"start":{"line":45,"column":16},"end":{"line":47,"column":3}}},"12":{"name":"(anonymous_12)","decl":{"start":{"line":49,"column":2},"end":{"line":49,"column":null}},"loc":{"start":{"line":49,"column":2},"end":{"line":51,"column":3}}},"13":{"name":"(anonymous_13)","decl":{"start":{"line":50,"column":30},"end":{"line":50,"column":31}},"loc":{"start":{"line":50,"column":34},"end":{"line":50,"column":46}}},"14":{"name":"(anonymous_14)","decl":{"start":{"line":53,"column":2},"end":{"line":53,"column":6}},"loc":{"start":{"line":53,"column":11},"end":{"line":55,"column":3}}},"15":{"name":"(anonymous_15)","decl":{"start":{"line":57,"column":2},"end":{"line":57,"column":6}},"loc":{"start":{"line":57,"column":2},"end":{"line":59,"column":3}}},"16":{"name":"(anonymous_16)","decl":{"start":{"line":62,"column":2},"end":{"line":62,"column":6}},"loc":{"start":{"line":62,"column":2},"end":{"line":64,"column":3}}}},"branchMap":{"0":{"loc":{"start":{"line":5,"column":31},"end":{"line":5,"column":73}},"type":"cond-expr","locations":[{"start":{"line":5,"column":57},"end":{"line":5,"column":66}},{"start":{"line":5,"column":69},"end":{"line":5,"column":73}}]},"1":{"loc":{"start":{"line":34,"column":30},"end":{"line":34,"column":60}},"type":"binary-expr","locations":[{"start":{"line":34,"column":30},"end":{"line":34,"column":52}},{"start":{"line":34,"column":56},"end":{"line":34,"column":60}}]},"2":{"loc":{"start":{"line":38,"column":11},"end":{"line":38,"column":53}},"type":"cond-expr","locations":[{"start":{"line":38,"column":37},"end":{"line":38,"column":46}},{"start":{"line":38,"column":49},"end":{"line":38,"column":53}}]},"3":{"loc":{"start":{"line":54,"column":11},"end":{"line":54,"column":43}},"type":"binary-expr","locations":[{"start":{"line":54,"column":11},"end":{"line":54,"column":35}},{"start":{"line":54,"column":39},"end":{"line":54,"column":43}}]}},"s":{"0":2,"1":8,"2":8,"3":2,"4":8,"5":1,"6":8,"7":0,"8":8,"9":8,"10":0,"11":8,"12":0,"13":8,"14":0,"15":0,"16":0,"17":0,"18":0,"19":0,"20":0,"21":0,"22":2,"23":0,"24":2,"25":0,"26":2,"27":2},"f":{"0":2,"1":8,"2":2,"3":1,"4":0,"5":8,"6":0,"7":0,"8":0,"9":0,"10":0,"11":0,"12":0,"13":0,"14":0,"15":0,"16":0},"b":{"0":[1,1],"1":[0,0],"2":[0,0],"3":[0,0]}}
,"/home/luc/Bureau/lastPort/portfolioTs/testPortfolio10_9 (copie)/front/src/components/LoadingIndicator/index.tsx": {"path":"/home/luc/Bureau/lastPort/portfolioTs/testPortfolio10_9 (copie)/front/src/components/LoadingIndicator/index.tsx","statementMap":{"0":{"start":{"line":4,"column":25},"end":{"line":14,"column":1}},"1":{"start":{"line":4,"column":37},"end":{"line":4,"column":57}},"2":{"start":{"line":6,"column":4},"end":{"line":6,"column":126}},"3":{"start":{"line":7,"column":2},"end":{"line":13,"column":4}},"4":{"start":{"line":15,"column":0},"end":{"line":15,"column":32}}},"fnMap":{"0":{"name":"(anonymous_0)","decl":{"start":{"line":4,"column":25},"end":{"line":4,"column":26}},"loc":{"start":{"line":4,"column":57},"end":{"line":14,"column":1}}}},"branchMap":{},"s":{"0":1,"1":0,"2":0,"3":0,"4":1},"f":{"0":0},"b":{}}
,"/home/luc/Bureau/lastPort/portfolioTs/testPortfolio10_9 (copie)/front/src/contexts/index.ts": {"path":"/home/luc/Bureau/lastPort/portfolioTs/testPortfolio10_9 (copie)/front/src/contexts/index.ts","statementMap":{"0":{"start":{"line":1,"column":0},"end":{"line":1,"column":31}},"1":{"start":{"line":2,"column":0},"end":{"line":2,"column":31}},"2":{"start":{"line":3,"column":0},"end":{"line":3,"column":32}},"3":{"start":{"line":4,"column":0},"end":{"line":4,"column":24}},"4":{"start":{"line":5,"column":0},"end":{"line":5,"column":30}},"5":{"start":{"line":6,"column":0},"end":{"line":6,"column":30}}},"fnMap":{},"branchMap":{},"s":{"0":1,"1":1,"2":1,"3":1,"4":1,"5":1},"f":{},"b":{}}
,"/home/luc/Bureau/lastPort/portfolioTs/testPortfolio10_9 (copie)/front/src/contexts/AdminContext/AdminContext.ts": {"path":"/home/luc/Bureau/lastPort/portfolioTs/testPortfolio10_9 (copie)/front/src/contexts/AdminContext/AdminContext.ts","statementMap":{"0":{"start":{"line":1,"column":0},"end":{"line":1,"column":38}},"1":{"start":{"line":4,"column":13},"end":{"line":4,"column":83}}},"fnMap":{},"branchMap":{},"s":{"0":1,"1":1},"f":{},"b":{}}
,"/home/luc/Bureau/lastPort/portfolioTs/testPortfolio10_9 (copie)/front/src/contexts/AdminContext/AdminContextProvider.tsx": {"path":"/home/luc/Bureau/lastPort/portfolioTs/testPortfolio10_9 (copie)/front/src/contexts/AdminContext/AdminContextProvider.tsx","statementMap":{"0":{"start":{"line":1,"column":0},"end":{"line":1,"column":44}},"1":{"start":{"line":2,"column":0},"end":{"line":2,"column":46}},"2":{"start":{"line":3,"column":0},"end":{"line":3,"column":39}},"3":{"start":{"line":4,"column":0},"end":{"line":4,"column":41}},"4":{"start":{"line":7,"column":36},"end":{"line":32,"column":1}},"5":{"start":{"line":7,"column":47},"end":{"line":7,"column":68}},"6":{"start":{"line":9,"column":30},"end":{"line":9,"column":45}},"7":{"start":{"line":9,"column":15},"end":{"line":9,"column":17}},"8":{"start":{"line":9,"column":26},"end":{"line":9,"column":30}},"9":{"start":{"line":10,"column":32},"end":{"line":10,"column":47}},"10":{"start":{"line":10,"column":16},"end":{"line":10,"column":18}},"11":{"start":{"line":10,"column":28},"end":{"line":10,"column":32}},"12":{"start":{"line":12,"column":26},"end":{"line":15,"column":4}},"13":{"start":{"line":12,"column":69},"end":{"line":12,"column":85}},"14":{"start":{"line":12,"column":14},"end":{"line":12,"column":16}},"15":{"start":{"line":12,"column":21},"end":{"line":12,"column":26}},"16":{"start":{"line":17,"column":2},"end":{"line":29,"column":29}},"17":{"start":{"line":18,"column":4},"end":{"line":23,"column":null}},"18":{"start":{"line":19,"column":6},"end":{"line":22,"column":null}},"19":{"start":{"line":20,"column":8},"end":{"line":20,"column":24}},"20":{"start":{"line":24,"column":4},"end":{"line":24,"column":44}},"21":{"start":{"line":24,"column":15},"end":{"line":24,"column":44}},"22":{"start":{"line":26,"column":4},"end":{"line":28,"column":null}},"23":{"start":{"line":27,"column":6},"end":{"line":27,"column":23}},"24":{"start":{"line":31,"column":2},"end":{"line":31,"column":99}},"25":{"start":{"line":7,"column":13},"end":{"line":7,"column":36}}},"fnMap":{"0":{"name":"(anonymous_0)","decl":{"start":{"line":7,"column":36},"end":{"line":7,"column":37}},"loc":{"start":{"line":7,"column":68},"end":{"line":32,"column":1}}},"1":{"name":"(anonymous_1)","decl":{"start":{"line":12,"column":63},"end":{"line":12,"column":69}},"loc":{"start":{"line":12,"column":63},"end":{"line":12,"column":81}}},"2":{"name":"(anonymous_2)","decl":{"start":{"line":17,"column":12},"end":{"line":17,"column":null}},"loc":{"start":{"line":17,"column":12},"end":{"line":29,"column":3}}}},"branchMap":{"0":{"loc":{"start":{"line":18,"column":4},"end":{"line":23,"column":null}},"type":"if","locations":[{"start":{"line":18,"column":4},"end":{"line":23,"column":null}}]},"1":{"loc":{"start":{"line":19,"column":6},"end":{"line":22,"column":null}},"type":"if","locations":[{"start":{"line":19,"column":6},"end":{"line":22,"column":null}}]},"2":{"loc":{"start":{"line":24,"column":4},"end":{"line":24,"column":44}},"type":"if","locations":[{"start":{"line":24,"column":4},"end":{"line":24,"column":44}}]},"3":{"loc":{"start":{"line":26,"column":4},"end":{"line":28,"column":null}},"type":"if","locations":[{"start":{"line":26,"column":4},"end":{"line":28,"column":null}}]}},"s":{"0":1,"1":1,"2":1,"3":1,"4":1,"5":0,"6":0,"7":0,"8":0,"9":0,"10":0,"11":0,"12":0,"13":0,"14":0,"15":0,"16":0,"17":0,"18":0,"19":0,"20":0,"21":0,"22":0,"23":0,"24":0,"25":1},"f":{"0":0,"1":0,"2":0},"b":{"0":[0],"1":[0],"2":[0],"3":[0]}}
,"/home/luc/Bureau/lastPort/portfolioTs/testPortfolio10_9 (copie)/front/src/contexts/AdminContext/index.ts": {"path":"/home/luc/Bureau/lastPort/portfolioTs/testPortfolio10_9 (copie)/front/src/contexts/AdminContext/index.ts","statementMap":{"0":{"start":{"line":1,"column":0},"end":{"line":1,"column":31}},"1":{"start":{"line":2,"column":0},"end":{"line":2,"column":39}},"2":{"start":{"line":4,"column":0},"end":{"line":4,"column":27}}},"fnMap":{},"branchMap":{},"s":{"0":1,"1":1,"2":1},"f":{},"b":{}}
,"/home/luc/Bureau/lastPort/portfolioTs/testPortfolio10_9 (copie)/front/src/contexts/AdminContext/useAdmin.ts": {"path":"/home/luc/Bureau/lastPort/portfolioTs/testPortfolio10_9 (copie)/front/src/contexts/AdminContext/useAdmin.ts","statementMap":{"0":{"start":{"line":1,"column":0},"end":{"line":1,"column":35}},"1":{"start":{"line":2,"column":0},"end":{"line":2,"column":46}},"2":{"start":{"line":5,"column":24},"end":{"line":11,"column":1}},"3":{"start":{"line":6,"column":18},"end":{"line":6,"column":42}},"4":{"start":{"line":7,"column":2},"end":{"line":9,"column":null}},"5":{"start":{"line":8,"column":4},"end":{"line":8,"column":82}},"6":{"start":{"line":10,"column":2},"end":{"line":10,"column":17}},"7":{"start":{"line":5,"column":13},"end":{"line":5,"column":24}}},"fnMap":{"0":{"name":"(anonymous_0)","decl":{"start":{"line":5,"column":24},"end":{"line":5,"column":null}},"loc":{"start":{"line":5,"column":24},"end":{"line":11,"column":1}}}},"branchMap":{"0":{"loc":{"start":{"line":7,"column":2},"end":{"line":9,"column":null}},"type":"if","locations":[{"start":{"line":7,"column":2},"end":{"line":9,"column":null}}]}},"s":{"0":1,"1":1,"2":1,"3":0,"4":0,"5":0,"6":0,"7":1},"f":{"0":0},"b":{"0":[0]}}
,"/home/luc/Bureau/lastPort/portfolioTs/testPortfolio10_9 (copie)/front/src/contexts/FormContext/FormContext.ts": {"path":"/home/luc/Bureau/lastPort/portfolioTs/testPortfolio10_9 (copie)/front/src/contexts/FormContext/FormContext.ts","statementMap":{"0":{"start":{"line":1,"column":0},"end":{"line":1,"column":38}},"1":{"start":{"line":4,"column":13},"end":{"line":4,"column":72}}},"fnMap":{},"branchMap":{},"s":{"0":1,"1":1},"f":{},"b":{}}
,"/home/luc/Bureau/lastPort/portfolioTs/testPortfolio10_9 (copie)/front/src/contexts/FormContext/FormProvider.tsx": {"path":"/home/luc/Bureau/lastPort/portfolioTs/testPortfolio10_9 (copie)/front/src/contexts/FormContext/FormProvider.tsx","statementMap":{"0":{"start":{"line":1,"column":0},"end":{"line":1,"column":44}},"1":{"start":{"line":2,"column":0},"end":{"line":2,"column":42}},"2":{"start":{"line":5,"column":28},"end":{"line":27,"column":1}},"3":{"start":{"line":6,"column":10},"end":{"line":6,"column":null}},"4":{"start":{"line":7,"column":14},"end":{"line":7,"column":null}},"5":{"start":{"line":8,"column":8},"end":{"line":8,"column":null}},"6":{"start":{"line":9,"column":7},"end":{"line":9,"column":null}},"7":{"start":{"line":10,"column":7},"end":{"line":10,"column":null}},"8":{"start":{"line":11,"column":14},"end":{"line":11,"column":null}},"9":{"start":{"line":12,"column":10},"end":{"line":12,"column":null}},"10":{"start":{"line":13,"column":11},"end":{"line":13,"column":null}},"11":{"start":{"line":19,"column":6},"end":{"line":19,"column":15}},"12":{"start":{"line":16,"column":12},"end":{"line":16,"column":null}},"13":{"start":{"line":17,"column":16},"end":{"line":17,"column":null}},"14":{"start":{"line":18,"column":23},"end":{"line":18,"column":null}},"15":{"start":{"line":20,"column":2},"end":{"line":26,"column":4}},"16":{"start":{"line":5,"column":13},"end":{"line":5,"column":28}}},"fnMap":{"0":{"name":"(anonymous_0)","decl":{"start":{"line":5,"column":28},"end":{"line":5,"column":29}},"loc":{"start":{"line":14,"column":20},"end":{"line":27,"column":1}}}},"branchMap":{},"s":{"0":1,"1":1,"2":1,"3":0,"4":0,"5":0,"6":0,"7":0,"8":0,"9":0,"10":0,"11":0,"12":0,"13":0,"14":0,"15":0,"16":1},"f":{"0":0},"b":{}}
,"/home/luc/Bureau/lastPort/portfolioTs/testPortfolio10_9 (copie)/front/src/contexts/FormContext/index.ts": {"path":"/home/luc/Bureau/lastPort/portfolioTs/testPortfolio10_9 (copie)/front/src/contexts/FormContext/index.ts","statementMap":{"0":{"start":{"line":1,"column":0},"end":{"line":1,"column":30}},"1":{"start":{"line":2,"column":0},"end":{"line":2,"column":31}},"2":{"start":{"line":4,"column":0},"end":{"line":4,"column":32}}},"fnMap":{},"branchMap":{},"s":{"0":1,"1":1,"2":1},"f":{},"b":{}}
,"/home/luc/Bureau/lastPort/portfolioTs/testPortfolio10_9 (copie)/front/src/contexts/FormContext/useCustomForm.ts": {"path":"/home/luc/Bureau/lastPort/portfolioTs/testPortfolio10_9 (copie)/front/src/contexts/FormContext/useCustomForm.ts","statementMap":{"0":{"start":{"line":1,"column":0},"end":{"line":1,"column":35}},"1":{"start":{"line":2,"column":0},"end":{"line":2,"column":44}},"2":{"start":{"line":4,"column":29},"end":{"line":10,"column":1}},"3":{"start":{"line":5,"column":18},"end":{"line":5,"column":41}},"4":{"start":{"line":6,"column":2},"end":{"line":8,"column":null}},"5":{"start":{"line":7,"column":4},"end":{"line":7,"column":73}},"6":{"start":{"line":9,"column":2},"end":{"line":9,"column":17}},"7":{"start":{"line":4,"column":13},"end":{"line":4,"column":29}}},"fnMap":{"0":{"name":"(anonymous_0)","decl":{"start":{"line":4,"column":29},"end":{"line":4,"column":null}},"loc":{"start":{"line":4,"column":29},"end":{"line":10,"column":1}}}},"branchMap":{"0":{"loc":{"start":{"line":6,"column":2},"end":{"line":8,"column":null}},"type":"if","locations":[{"start":{"line":6,"column":2},"end":{"line":8,"column":null}}]}},"s":{"0":1,"1":1,"2":1,"3":0,"4":0,"5":0,"6":0,"7":1},"f":{"0":0},"b":{"0":[0]}}
,"/home/luc/Bureau/lastPort/portfolioTs/testPortfolio10_9 (copie)/front/src/contexts/I18nContext/I18nContext.ts": {"path":"/home/luc/Bureau/lastPort/portfolioTs/testPortfolio10_9 (copie)/front/src/contexts/I18nContext/I18nContext.ts","statementMap":{"0":{"start":{"line":1,"column":0},"end":{"line":1,"column":38}},"1":{"start":{"line":4,"column":13},"end":{"line":4,"column":81}}},"fnMap":{},"branchMap":{},"s":{"0":1,"1":1},"f":{},"b":{}}
,"/home/luc/Bureau/lastPort/portfolioTs/testPortfolio10_9 (copie)/front/src/contexts/I18nContext/I18nContextProvider.tsx": {"path":"/home/luc/Bureau/lastPort/portfolioTs/testPortfolio10_9 (copie)/front/src/contexts/I18nContext/I18nContextProvider.tsx","statementMap":{"0":{"start":{"line":1,"column":0},"end":{"line":1,"column":55}},"1":{"start":{"line":2,"column":0},"end":{"line":2,"column":44}},"2":{"start":{"line":3,"column":0},"end":{"line":3,"column":27}},"3":{"start":{"line":9,"column":35},"end":{"line":18,"column":1}},"4":{"start":{"line":9,"column":46},"end":{"line":9,"column":74}},"5":{"start":{"line":10,"column":34},"end":{"line":10,"column":48}},"6":{"start":{"line":10,"column":17},"end":{"line":10,"column":19}},"7":{"start":{"line":10,"column":30},"end":{"line":10,"column":34}},"8":{"start":{"line":12,"column":2},"end":{"line":16,"column":22}},"9":{"start":{"line":13,"column":4},"end":{"line":15,"column":null}},"10":{"start":{"line":14,"column":6},"end":{"line":14,"column":33}},"11":{"start":{"line":17,"column":2},"end":{"line":17,"column":99}},"12":{"start":{"line":9,"column":13},"end":{"line":9,"column":35}}},"fnMap":{"0":{"name":"(anonymous_1)","decl":{"start":{"line":9,"column":35},"end":{"line":9,"column":36}},"loc":{"start":{"line":9,"column":74},"end":{"line":18,"column":1}}},"1":{"name":"(anonymous_2)","decl":{"start":{"line":12,"column":12},"end":{"line":12,"column":null}},"loc":{"start":{"line":12,"column":12},"end":{"line":16,"column":3}}}},"branchMap":{"0":{"loc":{"start":{"line":13,"column":4},"end":{"line":15,"column":null}},"type":"if","locations":[{"start":{"line":13,"column":4},"end":{"line":15,"column":null}}]}},"s":{"0":1,"1":1,"2":1,"3":1,"4":0,"5":0,"6":0,"7":0,"8":0,"9":0,"10":0,"11":0,"12":1},"f":{"0":0,"1":0},"b":{"0":[0]}}
,"/home/luc/Bureau/lastPort/portfolioTs/testPortfolio10_9 (copie)/front/src/contexts/I18nContext/index.ts": {"path":"/home/luc/Bureau/lastPort/portfolioTs/testPortfolio10_9 (copie)/front/src/contexts/I18nContext/index.ts","statementMap":{"0":{"start":{"line":1,"column":0},"end":{"line":1,"column":30}},"1":{"start":{"line":2,"column":0},"end":{"line":2,"column":38}},"2":{"start":{"line":3,"column":0},"end":{"line":3,"column":26}}},"fnMap":{},"branchMap":{},"s":{"0":1,"1":1,"2":1},"f":{},"b":{}}
,"/home/luc/Bureau/lastPort/portfolioTs/testPortfolio10_9 (copie)/front/src/contexts/I18nContext/useI18n.ts": {"path":"/home/luc/Bureau/lastPort/portfolioTs/testPortfolio10_9 (copie)/front/src/contexts/I18nContext/useI18n.ts","statementMap":{"0":{"start":{"line":1,"column":0},"end":{"line":1,"column":35}},"1":{"start":{"line":2,"column":0},"end":{"line":2,"column":44}},"2":{"start":{"line":5,"column":23},"end":{"line":11,"column":1}},"3":{"start":{"line":6,"column":18},"end":{"line":6,"column":41}},"4":{"start":{"line":7,"column":2},"end":{"line":9,"column":null}},"5":{"start":{"line":8,"column":4},"end":{"line":8,"column":82}},"6":{"start":{"line":10,"column":2},"end":{"line":10,"column":17}},"7":{"start":{"line":5,"column":13},"end":{"line":5,"column":23}}},"fnMap":{"0":{"name":"(anonymous_0)","decl":{"start":{"line":5,"column":23},"end":{"line":5,"column":null}},"loc":{"start":{"line":5,"column":23},"end":{"line":11,"column":1}}}},"branchMap":{"0":{"loc":{"start":{"line":7,"column":2},"end":{"line":9,"column":null}},"type":"if","locations":[{"start":{"line":7,"column":2},"end":{"line":9,"column":null}}]}},"s":{"0":1,"1":1,"2":1,"3":0,"4":0,"5":0,"6":0,"7":1},"f":{"0":0},"b":{"0":[0]}}
,"/home/luc/Bureau/lastPort/portfolioTs/testPortfolio10_9 (copie)/front/src/contexts/Notification/Notification.tsx": {"path":"/home/luc/Bureau/lastPort/portfolioTs/testPortfolio10_9 (copie)/front/src/contexts/Notification/Notification.tsx","statementMap":{"0":{"start":{"line":1,"column":0},"end":{"line":1,"column":34}},"1":{"start":{"line":2,"column":0},"end":{"line":2,"column":59}},"2":{"start":{"line":5,"column":0},"end":{"line":5,"column":null}},"3":{"start":{"line":6,"column":2},"end":{"line":6,"column":null}},"4":{"start":{"line":7,"column":2},"end":{"line":7,"column":null}},"5":{"start":{"line":10,"column":28},"end":{"line":48,"column":1}},"6":{"start":{"line":11,"column":46},"end":{"line":11,"column":84}},"7":{"start":{"line":11,"column":23},"end":{"line":11,"column":25}},"8":{"start":{"line":11,"column":41},"end":{"line":11,"column":46}},"9":{"start":{"line":13,"column":2},"end":{"line":18,"column":22}},"10":{"start":{"line":14,"column":18},"end":{"line":16,"column":13}},"11":{"start":{"line":15,"column":6},"end":{"line":15,"column":27}},"12":{"start":{"line":17,"column":4},"end":{"line":17,"column":37}},"13":{"start":{"line":17,"column":17},"end":{"line":17,"column":37}},"14":{"start":{"line":19,"column":29},"end":{"line":21,"column":3}},"15":{"start":{"line":20,"column":4},"end":{"line":20,"column":25}},"16":{"start":{"line":22,"column":22},"end":{"line":24,"column":3}},"17":{"start":{"line":23,"column":4},"end":{"line":23,"column":95}},"18":{"start":{"line":25,"column":2},"end":{"line":47,"column":4}},"19":{"start":{"line":27,"column":33},"end":{"line":27,"column":35}},"20":{"start":{"line":27,"column":42},"end":{"line":27,"column":44}},"21":{"start":{"line":28,"column":8},"end":{"line":44,"column":10}},"22":{"start":{"line":37,"column":31},"end":{"line":37,"column":null}},"23":{"start":{"line":10,"column":13},"end":{"line":10,"column":28}}},"fnMap":{"0":{"name":"(anonymous_0)","decl":{"start":{"line":5,"column":0},"end":{"line":5,"column":5}},"loc":{"start":{"line":5,"column":16},"end":{"line":8,"column":1}}},"1":{"name":"(anonymous_1)","decl":{"start":{"line":10,"column":28},"end":{"line":10,"column":null}},"loc":{"start":{"line":10,"column":28},"end":{"line":48,"column":1}}},"2":{"name":"(anonymous_2)","decl":{"start":{"line":13,"column":12},"end":{"line":13,"column":null}},"loc":{"start":{"line":13,"column":12},"end":{"line":18,"column":3}}},"3":{"name":"(anonymous_3)","decl":{"start":{"line":14,"column":29},"end":{"line":14,"column":null}},"loc":{"start":{"line":14,"column":29},"end":{"line":16,"column":5}}},"4":{"name":"(anonymous_4)","decl":{"start":{"line":17,"column":11},"end":{"line":17,"column":17}},"loc":{"start":{"line":17,"column":11},"end":{"line":17,"column":29}}},"5":{"name":"(anonymous_5)","decl":{"start":{"line":19,"column":29},"end":{"line":19,"column":null}},"loc":{"start":{"line":19,"column":29},"end":{"line":21,"column":3}}},"6":{"name":"(anonymous_6)","decl":{"start":{"line":22,"column":22},"end":{"line":22,"column":23}},"loc":{"start":{"line":22,"column":35},"end":{"line":24,"column":3}}},"7":{"name":"(anonymous_7)","decl":{"start":{"line":27,"column":26},"end":{"line":27,"column":27}},"loc":{"start":{"line":27,"column":59},"end":{"line":45,"column":7}}},"8":{"name":"(anonymous_8)","decl":{"start":{"line":37,"column":25},"end":{"line":37,"column":31}},"loc":{"start":{"line":37,"column":25},"end":{"line":37,"column":49}}}},"branchMap":{"0":{"loc":{"start":{"line":5,"column":5},"end":{"line":5,"column":null}},"type":"binary-expr","locations":[{"start":{"line":5,"column":5},"end":{"line":5,"column":16}},{"start":{"line":5,"column":5},"end":{"line":5,"column":null}}]},"1":{"loc":{"start":{"line":23,"column":11},"end":{"line":23,"column":94}},"type":"cond-expr","locations":[{"start":{"line":23,"column":55},"end":{"line":23,"column":72}},{"start":{"line":23,"column":75},"end":{"line":23,"column":94}}]},"2":{"loc":{"start":{"line":23,"column":11},"end":{"line":23,"column":52}},"type":"binary-expr","locations":[{"start":{"line":23,"column":11},"end":{"line":23,"column":29}},{"start":{"line":23,"column":33},"end":{"line":23,"column":52}}]},"3":{"loc":{"start":{"line":27,"column":7},"end":{"line":45,"column":8}},"type":"cond-expr","locations":[{"start":{"line":27,"column":20},"end":{"line":27,"column":22}},{"start":{"line":27,"column":7},"end":{"line":45,"column":8}}]},"4":{"loc":{"start":{"line":27,"column":7},"end":{"line":27,"column":22}},"type":"binary-expr","locations":[{"start":{"line":27,"column":7},"end":{"line":27,"column":22}},{"start":{"line":27,"column":7},"end":{"line":27,"column":22}}]}},"s":{"0":1,"1":1,"2":1,"3":1,"4":1,"5":1,"6":0,"7":0,"8":0,"9":0,"10":0,"11":0,"12":0,"13":0,"14":0,"15":0,"16":0,"17":0,"18":0,"19":0,"20":0,"21":0,"22":0,"23":1},"f":{"0":1,"1":0,"2":0,"3":0,"4":0,"5":0,"6":0,"7":0,"8":0},"b":{"0":[1,1],"1":[0,0],"2":[0,0],"3":[0,0],"4":[0,0]}}
,"/home/luc/Bureau/lastPort/portfolioTs/testPortfolio10_9 (copie)/front/src/contexts/Notification/NotificationContext.ts": {"path":"/home/luc/Bureau/lastPort/portfolioTs/testPortfolio10_9 (copie)/front/src/contexts/Notification/NotificationContext.ts","statementMap":{"0":{"start":{"line":1,"column":0},"end":{"line":1,"column":38}},"1":{"start":{"line":4,"column":13},"end":{"line":4,"column":91}}},"fnMap":{},"branchMap":{},"s":{"0":1,"1":1},"f":{},"b":{}}
,"/home/luc/Bureau/lastPort/portfolioTs/testPortfolio10_9 (copie)/front/src/contexts/Notification/NotificationContextProvider.tsx": {"path":"/home/luc/Bureau/lastPort/portfolioTs/testPortfolio10_9 (copie)/front/src/contexts/Notification/NotificationContextProvider.tsx","statementMap":{"0":{"start":{"line":1,"column":0},"end":{"line":1,"column":33}},"1":{"start":{"line":2,"column":0},"end":{"line":2,"column":60}},"2":{"start":{"line":5,"column":43},"end":{"line":11,"column":1}},"3":{"start":{"line":5,"column":54},"end":{"line":5,"column":90}},"4":{"start":{"line":6,"column":44},"end":{"line":6,"column":72}},"5":{"start":{"line":6,"column":22},"end":{"line":6,"column":24}},"6":{"start":{"line":6,"column":40},"end":{"line":6,"column":44}},"7":{"start":{"line":8,"column":2},"end":{"line":10,"column":4}},"8":{"start":{"line":5,"column":13},"end":{"line":5,"column":43}}},"fnMap":{"0":{"name":"(anonymous_0)","decl":{"start":{"line":5,"column":43},"end":{"line":5,"column":44}},"loc":{"start":{"line":5,"column":90},"end":{"line":11,"column":1}}}},"branchMap":{},"s":{"0":1,"1":1,"2":1,"3":0,"4":0,"5":0,"6":0,"7":0,"8":1},"f":{"0":0},"b":{}}
,"/home/luc/Bureau/lastPort/portfolioTs/testPortfolio10_9 (copie)/front/src/contexts/Notification/index.tsx": {"path":"/home/luc/Bureau/lastPort/portfolioTs/testPortfolio10_9 (copie)/front/src/contexts/Notification/index.tsx","statementMap":{"0":{"start":{"line":1,"column":0},"end":{"line":1,"column":31}},"1":{"start":{"line":2,"column":0},"end":{"line":2,"column":38}},"2":{"start":{"line":3,"column":0},"end":{"line":3,"column":46}},"3":{"start":{"line":4,"column":0},"end":{"line":4,"column":41}}},"fnMap":{},"branchMap":{},"s":{"0":1,"1":1,"2":1,"3":1},"f":{},"b":{}}
,"/home/luc/Bureau/lastPort/portfolioTs/testPortfolio10_9 (copie)/front/src/contexts/Notification/useContextNotification.ts": {"path":"/home/luc/Bureau/lastPort/portfolioTs/testPortfolio10_9 (copie)/front/src/contexts/Notification/useContextNotification.ts","statementMap":{"0":{"start":{"line":1,"column":0},"end":{"line":1,"column":35}},"1":{"start":{"line":2,"column":0},"end":{"line":2,"column":60}},"2":{"start":{"line":5,"column":31},"end":{"line":11,"column":1}},"3":{"start":{"line":6,"column":18},"end":{"line":6,"column":49}},"4":{"start":{"line":7,"column":2},"end":{"line":9,"column":null}},"5":{"start":{"line":8,"column":4},"end":{"line":8,"column":82}},"6":{"start":{"line":10,"column":2},"end":{"line":10,"column":17}},"7":{"start":{"line":5,"column":13},"end":{"line":5,"column":31}}},"fnMap":{"0":{"name":"(anonymous_0)","decl":{"start":{"line":5,"column":31},"end":{"line":5,"column":null}},"loc":{"start":{"line":5,"column":31},"end":{"line":11,"column":1}}}},"branchMap":{"0":{"loc":{"start":{"line":7,"column":2},"end":{"line":9,"column":null}},"type":"if","locations":[{"start":{"line":7,"column":2},"end":{"line":9,"column":null}}]}},"s":{"0":1,"1":1,"2":1,"3":0,"4":0,"5":0,"6":0,"7":1},"f":{"0":0},"b":{"0":[0]}}
,"/home/luc/Bureau/lastPort/portfolioTs/testPortfolio10_9 (copie)/front/src/contexts/RecordContext/RecordContext.ts": {"path":"/home/luc/Bureau/lastPort/portfolioTs/testPortfolio10_9 (copie)/front/src/contexts/RecordContext/RecordContext.ts","statementMap":{"0":{"start":{"line":1,"column":0},"end":{"line":1,"column":38}},"1":{"start":{"line":4,"column":13},"end":{"line":4,"column":90}}},"fnMap":{},"branchMap":{},"s":{"0":1,"1":1},"f":{},"b":{}}
,"/home/luc/Bureau/lastPort/portfolioTs/testPortfolio10_9 (copie)/front/src/contexts/RecordContext/RecordContextProvider.tsx": {"path":"/home/luc/Bureau/lastPort/portfolioTs/testPortfolio10_9 (copie)/front/src/contexts/RecordContext/RecordContextProvider.tsx","statementMap":{"0":{"start":{"line":1,"column":0},"end":{"line":1,"column":70}},"1":{"start":{"line":2,"column":0},"end":{"line":2,"column":59}},"2":{"start":{"line":3,"column":0},"end":{"line":3,"column":63}},"3":{"start":{"line":4,"column":0},"end":{"line":4,"column":55}},"4":{"start":{"line":6,"column":0},"end":{"line":6,"column":48}},"5":{"start":{"line":14,"column":44},"end":{"line":14,"column":46}},"6":{"start":{"line":14,"column":50},"end":{"line":14,"column":52}},"7":{"start":{"line":14,"column":60},"end":{"line":14,"column":85}},"8":{"start":{"line":15,"column":22},"end":{"line":15,"column":38}},"9":{"start":{"line":16,"column":36},"end":{"line":16,"column":48}},"10":{"start":{"line":16,"column":18},"end":{"line":16,"column":20}},"11":{"start":{"line":16,"column":32},"end":{"line":16,"column":36}},"12":{"start":{"line":17,"column":28},"end":{"line":17,"column":60}},"13":{"start":{"line":17,"column":14},"end":{"line":17,"column":16}},"14":{"start":{"line":17,"column":24},"end":{"line":17,"column":28}},"15":{"start":{"line":18,"column":33},"end":{"line":27,"column":4}},"16":{"start":{"line":21,"column":6},"end":{"line":21,"column":43}},"17":{"start":{"line":23,"column":6},"end":{"line":23,"column":63}},"18":{"start":{"line":24,"column":6},"end":{"line":24,"column":29}},"19":{"start":{"line":18,"column":19},"end":{"line":18,"column":21}},"20":{"start":{"line":18,"column":28},"end":{"line":18,"column":33}},"21":{"start":{"line":31,"column":2},"end":{"line":31,"column":45}},"22":{"start":{"line":31,"column":17},"end":{"line":31,"column":45}},"23":{"start":{"line":32,"column":2},"end":{"line":32,"column":39}},"24":{"start":{"line":32,"column":15},"end":{"line":32,"column":39}},"25":{"start":{"line":34,"column":2},"end":{"line":40,"column":4}},"26":{"start":{"line":14,"column":0},"end":{"line":14,"column":16}}},"fnMap":{"0":{"name":"RecordProvider","decl":{"start":{"line":14,"column":16},"end":{"line":14,"column":30}},"loc":{"start":{"line":14,"column":85},"end":{"line":41,"column":1}}},"1":{"name":"(anonymous_2)","decl":{"start":{"line":19,"column":15},"end":{"line":19,"column":16}},"loc":{"start":{"line":19,"column":20},"end":{"line":25,"column":5}}}},"branchMap":{"0":{"loc":{"start":{"line":31,"column":2},"end":{"line":31,"column":45}},"type":"if","locations":[{"start":{"line":31,"column":2},"end":{"line":31,"column":45}}]},"1":{"loc":{"start":{"line":32,"column":2},"end":{"line":32,"column":39}},"type":"if","locations":[{"start":{"line":32,"column":2},"end":{"line":32,"column":39}}]},"2":{"loc":{"start":{"line":36,"column":7},"end":{"line":38,"column":78}},"type":"binary-expr","locations":[{"start":{"line":36,"column":7},"end":{"line":36,"column":16}},{"start":{"line":37,"column":8},"end":{"line":37,"column":41}},{"start":{"line":38,"column":9},"end":{"line":38,"column":77}}]},"3":{"loc":{"start":{"line":38,"column":9},"end":{"line":38,"column":77}},"type":"cond-expr","locations":[{"start":{"line":38,"column":42},"end":{"line":38,"column":66}},{"start":{"line":38,"column":69},"end":{"line":38,"column":77}}]}},"s":{"0":1,"1":1,"2":1,"3":1,"4":1,"5":0,"6":0,"7":0,"8":0,"9":0,"10":0,"11":0,"12":0,"13":0,"14":0,"15":0,"16":0,"17":0,"18":0,"19":0,"20":0,"21":0,"22":0,"23":0,"24":0,"25":0,"26":1},"f":{"0":0,"1":0},"b":{"0":[0],"1":[0],"2":[0,0,0],"3":[0,0]}}
,"/home/luc/Bureau/lastPort/portfolioTs/testPortfolio10_9 (copie)/front/src/contexts/RecordContext/index.ts": {"path":"/home/luc/Bureau/lastPort/portfolioTs/testPortfolio10_9 (copie)/front/src/contexts/RecordContext/index.ts","statementMap":{"0":{"start":{"line":1,"column":0},"end":{"line":1,"column":32}},"1":{"start":{"line":2,"column":0},"end":{"line":2,"column":40}},"2":{"start":{"line":3,"column":0},"end":{"line":3,"column":26}},"3":{"start":{"line":4,"column":0},"end":{"line":4,"column":23}},"4":{"start":{"line":5,"column":0},"end":{"line":5,"column":28}}},"fnMap":{},"branchMap":{},"s":{"0":1,"1":1,"2":1,"3":1,"4":1},"f":{},"b":{}}
,"/home/luc/Bureau/lastPort/portfolioTs/testPortfolio10_9 (copie)/front/src/contexts/RecordContext/reducer.ts": {"path":"/home/luc/Bureau/lastPort/portfolioTs/testPortfolio10_9 (copie)/front/src/contexts/RecordContext/reducer.ts","statementMap":{"0":{"start":{"line":4,"column":2},"end":{"line":13,"column":null}},"1":{"start":{"line":6,"column":6},"end":{"line":6,"column":56}},"2":{"start":{"line":8,"column":20},"end":{"line":8,"column":35}},"3":{"start":{"line":9,"column":6},"end":{"line":9,"column":34}},"4":{"start":{"line":10,"column":6},"end":{"line":10,"column":22}},"5":{"start":{"line":12,"column":6},"end":{"line":12,"column":19}},"6":{"start":{"line":3,"column":0},"end":{"line":3,"column":16}}},"fnMap":{"0":{"name":"recordReducer","decl":{"start":{"line":3,"column":16},"end":{"line":3,"column":29}},"loc":{"start":{"line":3,"column":76},"end":{"line":14,"column":1}}}},"branchMap":{"0":{"loc":{"start":{"line":4,"column":2},"end":{"line":13,"column":null}},"type":"switch","locations":[{"start":{"line":5,"column":4},"end":{"line":6,"column":56}},{"start":{"line":7,"column":4},"end":{"line":10,"column":22}},{"start":{"line":11,"column":4},"end":{"line":12,"column":19}}]}},"s":{"0":0,"1":0,"2":0,"3":0,"4":0,"5":0,"6":1},"f":{"0":0},"b":{"0":[0,0,0]}}
,"/home/luc/Bureau/lastPort/portfolioTs/testPortfolio10_9 (copie)/front/src/contexts/RecordContext/useRecord.ts": {"path":"/home/luc/Bureau/lastPort/portfolioTs/testPortfolio10_9 (copie)/front/src/contexts/RecordContext/useRecord.ts","statementMap":{"0":{"start":{"line":1,"column":0},"end":{"line":1,"column":35}},"1":{"start":{"line":2,"column":0},"end":{"line":2,"column":48}},"2":{"start":{"line":4,"column":25},"end":{"line":13,"column":1}},"3":{"start":{"line":5,"column":18},"end":{"line":5,"column":66}},"4":{"start":{"line":6,"column":2},"end":{"line":8,"column":null}},"5":{"start":{"line":7,"column":4},"end":{"line":7,"column":85}},"6":{"start":{"line":9,"column":2},"end":{"line":11,"column":null}},"7":{"start":{"line":10,"column":4},"end":{"line":10,"column":90}},"8":{"start":{"line":12,"column":2},"end":{"line":12,"column":22}},"9":{"start":{"line":4,"column":13},"end":{"line":4,"column":25}}},"fnMap":{"0":{"name":"(anonymous_0)","decl":{"start":{"line":4,"column":25},"end":{"line":4,"column":41}},"loc":{"start":{"line":4,"column":52},"end":{"line":13,"column":1}}}},"branchMap":{"0":{"loc":{"start":{"line":6,"column":2},"end":{"line":8,"column":null}},"type":"if","locations":[{"start":{"line":6,"column":2},"end":{"line":8,"column":null}}]},"1":{"loc":{"start":{"line":9,"column":2},"end":{"line":11,"column":null}},"type":"if","locations":[{"start":{"line":9,"column":2},"end":{"line":11,"column":null}}]}},"s":{"0":1,"1":1,"2":1,"3":0,"4":0,"5":0,"6":0,"7":0,"8":0,"9":1},"f":{"0":0},"b":{"0":[0],"1":[0]}}
,"/home/luc/Bureau/lastPort/portfolioTs/testPortfolio10_9 (copie)/front/src/contexts/store/StoreContext.ts": {"path":"/home/luc/Bureau/lastPort/portfolioTs/testPortfolio10_9 (copie)/front/src/contexts/store/StoreContext.ts","statementMap":{"0":{"start":{"line":1,"column":0},"end":{"line":1,"column":48}},"1":{"start":{"line":6,"column":13},"end":{"line":6,"column":78}}},"fnMap":{},"branchMap":{},"s":{"0":1,"1":1},"f":{},"b":{}}
,"/home/luc/Bureau/lastPort/portfolioTs/testPortfolio10_9 (copie)/front/src/contexts/store/StoreContextProvider.tsx": {"path":"/home/luc/Bureau/lastPort/portfolioTs/testPortfolio10_9 (copie)/front/src/contexts/store/StoreContextProvider.tsx","statementMap":{"0":{"start":{"line":1,"column":0},"end":{"line":1,"column":35}},"1":{"start":{"line":2,"column":0},"end":{"line":2,"column":49}},"2":{"start":{"line":3,"column":0},"end":{"line":3,"column":44}},"3":{"start":{"line":6,"column":50},"end":{"line":6,"column":71}},"4":{"start":{"line":7,"column":28},"end":{"line":7,"column":59}},"5":{"start":{"line":7,"column":14},"end":{"line":7,"column":16}},"6":{"start":{"line":7,"column":24},"end":{"line":7,"column":28}},"7":{"start":{"line":8,"column":2},"end":{"line":8,"column":93}},"8":{"start":{"line":6,"column":0},"end":{"line":6,"column":16}}},"fnMap":{"0":{"name":"StoreContextProvider","decl":{"start":{"line":6,"column":16},"end":{"line":6,"column":36}},"loc":{"start":{"line":6,"column":71},"end":{"line":9,"column":1}}}},"branchMap":{},"s":{"0":1,"1":1,"2":1,"3":0,"4":0,"5":0,"6":0,"7":0,"8":1},"f":{"0":0},"b":{}}
,"/home/luc/Bureau/lastPort/portfolioTs/testPortfolio10_9 (copie)/front/src/contexts/store/index.ts": {"path":"/home/luc/Bureau/lastPort/portfolioTs/testPortfolio10_9 (copie)/front/src/contexts/store/index.ts","statementMap":{"0":{"start":{"line":1,"column":0},"end":{"line":1,"column":31}},"1":{"start":{"line":2,"column":0},"end":{"line":2,"column":39}},"2":{"start":{"line":3,"column":0},"end":{"line":3,"column":26}},"3":{"start":{"line":4,"column":0},"end":{"line":4,"column":23}},"4":{"start":{"line":5,"column":0},"end":{"line":5,"column":27}}},"fnMap":{},"branchMap":{},"s":{"0":1,"1":1,"2":1,"3":1,"4":1},"f":{},"b":{}}
,"/home/luc/Bureau/lastPort/portfolioTs/testPortfolio10_9 (copie)/front/src/contexts/store/reducer.ts": {"path":"/home/luc/Bureau/lastPort/portfolioTs/testPortfolio10_9 (copie)/front/src/contexts/store/reducer.ts","statementMap":{"0":{"start":{"line":4,"column":2},"end":{"line":10,"column":null}},"1":{"start":{"line":6,"column":6},"end":{"line":6,"column":56}},"2":{"start":{"line":9,"column":6},"end":{"line":9,"column":19}},"3":{"start":{"line":3,"column":0},"end":{"line":3,"column":16}}},"fnMap":{"0":{"name":"storeReducer","decl":{"start":{"line":3,"column":16},"end":{"line":3,"column":28}},"loc":{"start":{"line":3,"column":75},"end":{"line":11,"column":1}}}},"branchMap":{"0":{"loc":{"start":{"line":4,"column":2},"end":{"line":10,"column":null}},"type":"switch","locations":[{"start":{"line":5,"column":4},"end":{"line":6,"column":56}},{"start":{"line":8,"column":4},"end":{"line":9,"column":19}}]}},"s":{"0":0,"1":0,"2":0,"3":1},"f":{"0":0},"b":{"0":[0,0]}}
,"/home/luc/Bureau/lastPort/portfolioTs/testPortfolio10_9 (copie)/front/src/contexts/store/useStore.ts": {"path":"/home/luc/Bureau/lastPort/portfolioTs/testPortfolio10_9 (copie)/front/src/contexts/store/useStore.ts","statementMap":{"0":{"start":{"line":1,"column":0},"end":{"line":1,"column":35}},"1":{"start":{"line":2,"column":0},"end":{"line":2,"column":46}},"2":{"start":{"line":4,"column":24},"end":{"line":20,"column":1}},"3":{"start":{"line":5,"column":18},"end":{"line":5,"column":42}},"4":{"start":{"line":6,"column":2},"end":{"line":8,"column":null}},"5":{"start":{"line":7,"column":4},"end":{"line":7,"column":82}},"6":{"start":{"line":10,"column":28},"end":{"line":10,"column":36}},"7":{"start":{"line":12,"column":19},"end":{"line":14,"column":3}},"8":{"start":{"line":13,"column":4},"end":{"line":13,"column":22}},"9":{"start":{"line":15,"column":19},"end":{"line":17,"column":3}},"10":{"start":{"line":16,"column":4},"end":{"line":16,"column":49}},"11":{"start":{"line":19,"column":2},"end":{"line":19,"column":32}},"12":{"start":{"line":4,"column":13},"end":{"line":4,"column":24}}},"fnMap":{"0":{"name":"(anonymous_0)","decl":{"start":{"line":4,"column":24},"end":{"line":4,"column":null}},"loc":{"start":{"line":4,"column":24},"end":{"line":20,"column":1}}},"1":{"name":"(anonymous_1)","decl":{"start":{"line":12,"column":19},"end":{"line":12,"column":20}},"loc":{"start":{"line":12,"column":31},"end":{"line":14,"column":3}}},"2":{"name":"(anonymous_2)","decl":{"start":{"line":15,"column":19},"end":{"line":15,"column":20}},"loc":{"start":{"line":15,"column":45},"end":{"line":17,"column":3}}}},"branchMap":{"0":{"loc":{"start":{"line":6,"column":2},"end":{"line":8,"column":null}},"type":"if","locations":[{"start":{"line":6,"column":2},"end":{"line":8,"column":null}}]}},"s":{"0":1,"1":1,"2":1,"3":0,"4":0,"5":0,"6":0,"7":0,"8":0,"9":0,"10":0,"11":0,"12":1},"f":{"0":0,"1":0,"2":0},"b":{"0":[0]}}
}
